INFO: kbplacer_plugin_action.py:73: Plugin version: 0.15
INFO: kbplacer_plugin_action.py:74: Python version: '3.11.5 (main, Nov  6 2025, 07:48:09) [MSC v.1944 64 bit (AMD64)]'
INFO: kbplacer_plugin_action.py:75: KiCad version: 9.0.7 with 4.2.2 msw (phoenix) wxWidgets 3.2.8
INFO: kbplacer_dialog.py:689: Language: en
INFO: kbplacer_plugin_action.py:83: GUI state: {"layout_path": "C:\\Users\\shlok\\Downloads\\HackPad\\keyboard-layout.json", "key_distance": [19.05, 19.05], "key_info": {"annotation_format": "SW{}", "position_option": "Default", "position": {"x": 0.0, "y": 0.0, "orientation": 0.0, "side": "Front"}, "template_path": "", "start_index": 1}, "enable_diode_placement": false, "route_switches_with_diodes": false, "optimize_diodes_orientation": false, "diode_info": {"annotation_format": "D{}", "position_option": "Relative", "position": null, "template_path": "", "start_index": -1}, "additional_elements": [], "route_rows_and_columns": true, "template_path": "", "generate_outline": false, "outline_delta": 0.0}
WARNING: key_placer.py:134: Unexpected switch net position detected, each switch should have two unique nets unambiguously defining position in key matrix, switch-by-matrix association can't be used
DEBUG: key_placer.py:141: Switches by nets: {}
DEBUG: key_placer.py:145: Diodes by switch: {'SW2': ['D2'], 'SW7': ['D7'], 'SW9': ['D9'], 'SW11': ['D11'], 'SW3': ['D3'], 'SW4': ['D4'], 'SW5': ['D5'], 'SW1': ['D1'], 'SW6': ['D6'], 'SW8': ['D8'], 'SW10': ['D10'], 'SW12': ['D12']}
DEBUG: board_modifier.py:73: Searching for SW1 footprint in C:\Users\shlok\Downloads\HackPad\HackPad.kicad_pcb
INFO: key_placer.py:621: Looking for connection template between SW1 and other elements
DEBUG: board_modifier.py:107: Getting SW1 footprint position: (38100000, 38100000)
INFO: key_placer.py:665: Got connection template: 
INFO: kle_serial.py:1016: User layout: [[{'a': 7}, '', '', '', ''], ['', '', '', ''], ['', '', '', '']]
DEBUG: key_placer.py:751: Using key 1U distance: (19.05, 19.05) mm
DEBUG: key_placer.py:757: Layout offset: (28575000, 28575000)
DEBUG: kle_serial.py:1110: Layout with: x_ortholinear_keys=12, y_ortholinear_keys=12, rotated_keys=0, encoders=0, iso_enters=0 and unrecognized_shape_keys=0
DEBUG: kle_serial.py:1135: Layout tagged: [<KeyboardTag.ORTHOLINEAR: 1>]
DEBUG: board_modifier.py:94: Setting SW1 footprint position: (38100000, 38100000)
DEBUG: board_modifier.py:94: Setting SW2 footprint position: (57150000, 38100000)
DEBUG: board_modifier.py:94: Setting SW3 footprint position: (76200000, 38100000)
DEBUG: board_modifier.py:94: Setting SW4 footprint position: (95250000, 38100000)
DEBUG: board_modifier.py:94: Setting SW5 footprint position: (38100000, 57150000)
DEBUG: board_modifier.py:94: Setting SW6 footprint position: (57150000, 57150000)
DEBUG: board_modifier.py:94: Setting SW7 footprint position: (76200000, 57150000)
DEBUG: board_modifier.py:94: Setting SW8 footprint position: (95250000, 57150000)
DEBUG: board_modifier.py:94: Setting SW9 footprint position: (38100000, 76200000)
DEBUG: board_modifier.py:94: Setting SW10 footprint position: (57150000, 76200000)
DEBUG: board_modifier.py:94: Setting SW11 footprint position: (76200000, 76200000)
DEBUG: board_modifier.py:94: Setting SW12 footprint position: (95250000, 76200000)
INFO: key_placer.py:1123: Diode info: [ElementInfo(annotation_format='D{}', position_option=<PositionOption.UNCHANGED: 'Unchanged'>, position=None, template_path='', start_index=-1)]
INFO: key_placer.py:514: Removing dangling tracks
